step = 0
ipcs: 1.2874999999999999 1.315 1.28 1.25
0:  [[0, 8], [0, 8], [0, 8], [0, 8]] - 5.1325
=============================================
ipcs: 1.25 1.2525 1.1750000000000003 1.1875
0:  [[0, 2], [2, 4], [4, 6], [6, 8]] - 4.865
ipcs: 1.215 1.2824999999999998 1.195 1.25
1:  [[0, 2], [2, 4], [4, 6], [6, 8]] - 4.9425
ipcs: 1.1949999999999998 1.285 1.195 1.215
2:  [[0, 2], [2, 4], [4, 6], [6, 8]] - 4.89
ipcs: 1.215 1.275 1.0975 1.1775
3:  [[0, 2], [2, 4], [4, 6], [6, 8]] - 4.765000000000001
ipcs: 1.2225000000000001 1.265 1.1800000000000002 1.1400000000000001
4:  [[0, 2], [2, 4], [4, 6], [6, 8]] - 4.8075
ipcs: 1.1775000000000002 1.26 1.1949999999999998 1.2225
5:  [[0, 2], [2, 4], [4, 6], [6, 8]] - 4.8549999999999995
ipcs: 1.185 1.2175 1.2025000000000001 1.2225
6:  [[0, 2], [2, 4], [4, 6], [6, 8]] - 4.8275
ipcs: 1.1325 1.295 1.23 1.27
7:  [[0, 2], [2, 4], [4, 6], [6, 8]] - 4.9275
step: 000   [0, 2] , [2, 4] , [4, 6] , [6, 8]  -  4.9425
=============================================
step = 1
ipcs: 1.2575 1.235 1.2725 1.2950000000000002
0:  [[0, 2], [2, 4], [3, 7], [5, 8]] - 5.0600000000000005
ipcs: 1.1725 1.2725 1.26 1.1525
1:  [[0, 2], [2, 4], [4, 6], [6, 8]] - 4.8575
ipcs: 1.2675 1.305 1.185 1.2175
2:  [[0, 3], [1, 4], [4, 6], [6, 8]] - 4.975
ipcs: 1.2525 1.27 1.3 1.2825000000000002
3:  [[0, 3], [1, 5], [3, 6], [6, 8]] - 5.105
ipcs: 1.1975000000000002 1.2675 0.9299999999999999 1.2674999999999998
4:  [[0, 2], [1, 5], [5, 6], [6, 8]] - 4.6625000000000005
ipcs: 1.1575 1.245 1.1925000000000001 1.1800000000000002
5:  [[0, 2], [2, 4], [4, 6], [6, 8]] - 4.775
ipcs: 1.2200000000000002 1.2675 1.225 1.2225
6:  [[0, 2], [2, 5], [4, 6], [6, 8]] - 4.9350000000000005
ipcs: 1.25 1.2774999999999999 0.9525000000000001 1.24
7:  [[0, 2], [2, 5], [5, 6], [5, 8]] - 4.72
step: 001   [0, 3] , [1, 5] , [3, 6] , [6, 8]  -  5.105
=============================================
step = 2
ipcs: 1.24 1.2075 1.3175 1.2575
0:  [[0, 2], [2, 4], [2, 8], [4, 8]] - 5.0225
ipcs: 1.2 1.275 1.195 1.27
1:  [[0, 2], [2, 4], [4, 6], [6, 8]] - 4.9399999999999995
ipcs: 1.2475 1.2550000000000001 1.2675 1.1749999999999998
2:  [[0, 4], [0, 4], [4, 6], [6, 8]] - 4.945
ipcs: 1.2525 1.305 1.2625 1.2249999999999999
3:  [[0, 4], [0, 6], [2, 6], [6, 8]] - 5.045
ipcs: 1.25 1.3124999999999998 0.8825 1.1949999999999998
4:  [[0, 2], [0, 6], [5, 6], [6, 8]] - 4.64
ipcs: 1.1875 1.2225000000000001 1.2425 1.1875
5:  [[0, 2], [2, 4], [4, 6], [6, 8]] - 4.84
ipcs: 1.1975 1.2625 1.205 1.245
6:  [[0, 2], [2, 6], [4, 6], [6, 8]] - 4.91
ipcs: 1.19 1.2650000000000001 0.8675 1.245
7:  [[0, 2], [2, 6], [5, 6], [4, 8]] - 4.567500000000001
step: 002   [0, 3] , [1, 5] , [3, 6] , [6, 8]  -  5.105
=============================================
step = 3
ipcs: 1.2325 1.2725 1.27 1.2574999999999998
0:  [[0, 3], [3, 5], [1, 8], [3, 8]] - 5.0325
ipcs: 1.245 0.9924999999999999 1.25 1.185
1:  [[0, 3], [3, 4], [4, 6], [6, 8]] - 4.672499999999999
ipcs: 1.2349999999999999 1.2625000000000002 1.245 1.2125
2:  [[0, 5], [0, 4], [3, 6], [6, 8]] - 4.955
ipcs: 1.2550000000000001 1.315 1.2950000000000002 1.1725
3:  [[0, 5], [0, 7], [1, 6], [6, 8]] - 5.0375000000000005
ipcs: 1.2374999999999998 1.2675 0.805 0.9924999999999999
4:  [[0, 2], [0, 7], [5, 6], [7, 8]] - 4.3025
ipcs: 1.2225000000000001 1.2174999999999998 1.1775 1.285
5:  [[0, 2], [2, 4], [4, 6], [6, 8]] - 4.9025
ipcs: 1.2225000000000001 1.275 1.1625 1.1675
6:  [[0, 2], [2, 7], [4, 6], [6, 8]] - 4.827500000000001
ipcs: 1.23 1.3049999999999997 0.8625 1.2525
7:  [[0, 3], [2, 7], [5, 6], [4, 8]] - 4.65
step: 003   [0, 3] , [1, 5] , [3, 6] , [6, 8]  -  5.105
=============================================
step = 4
ipcs: 1.275 1.3025 1.3175 1.2525
0:  [[0, 4], [3, 6], [1, 7], [4, 8]] - 5.147499999999999
ipcs: 1.255 1.03 1.21 1.2075
1:  [[0, 4], [3, 4], [3, 6], [6, 8]] - 4.702500000000001
ipcs: 1.2374999999999998 1.2625 1.2625000000000002 1.175
2:  [[0, 5], [0, 5], [2, 6], [6, 8]] - 4.9375
ipcs: 1.23 1.275 1.2725 1.1825
3:  [[0, 5], [0, 7], [1, 6], [6, 8]] - 4.96
ipcs: 1.2774999999999999 1.29 0.7975 1.0625
4:  [[0, 3], [0, 7], [5, 6], [7, 8]] - 4.4275
ipcs: 1.235 1.2625 1.295 1.2349999999999999
5:  [[0, 2], [2, 5], [3, 6], [6, 8]] - 5.0275
ipcs: 1.235 1.3125 1.2975 1.2025000000000001
6:  [[0, 2], [1, 7], [3, 6], [6, 8]] - 5.047500000000001
ipcs: 1.2575 1.2974999999999999 0.9175 1.2349999999999999
7:  [[0, 4], [1, 6], [5, 6], [5, 8]] - 4.7075
step: 004   [0, 4] , [3, 6] , [1, 7] , [4, 8]  -  5.147499999999999
=============================================
step = 5
ipcs: 1.2550000000000001 1.31 1.2974999999999999 1.2425
0:  [[0, 5], [2, 7], [2, 6], [5, 8]] - 5.105
ipcs: 1.245 1.0125 1.2974999999999999 1.2674999999999998
1:  [[0, 5], [3, 4], [2, 6], [6, 8]] - 4.8225
ipcs: 1.2525000000000002 1.2750000000000001 1.25 1.145
2:  [[0, 4], [0, 6], [2, 5], [6, 8]] - 4.9225
ipcs: 1.2550000000000001 1.3024999999999998 1.26 1.19
3:  [[0, 4], [0, 6], [2, 6], [6, 8]] - 5.0075
ipcs: 1.2725 1.2774999999999999 0.9125000000000001 1.0975
4:  [[0, 4], [0, 7], [5, 6], [7, 8]] - 4.56
ipcs: 1.2225000000000001 1.2525000000000002 1.2275 1.2425
5:  [[0, 2], [2, 6], [2, 5], [6, 8]] - 4.945
ipcs: 1.0799999999999998 1.2874999999999999 1.315 1.1700000000000002
6:  [[0, 1], [0, 6], [2, 6], [6, 8]] - 4.8525
ipcs: 1.2575 1.3124999999999998 0.8125 1.2
7:  [[0, 4], [0, 5], [5, 6], [6, 8]] - 4.5825
step: 005   [0, 4] , [3, 6] , [1, 7] , [4, 8]  -  5.147499999999999
=============================================
step = 6
ipcs: 1.2575 1.3074999999999999 1.2525 1.25
0:  [[0, 6], [1, 8], [3, 5], [6, 8]] - 5.0675
ipcs: 1.27 1.0075 1.2625 1.1975000000000002
1:  [[0, 6], [3, 4], [1, 6], [6, 8]] - 4.737500000000001
ipcs: 1.27 1.2725000000000002 1.2975 1.29
2:  [[0, 3], [0, 7], [2, 5], [5, 8]] - 5.130000000000001
ipcs: 1.25 1.27 1.31 1.2875
3:  [[0, 3], [0, 5], [3, 7], [5, 8]] - 5.1175
ipcs: 1.275 1.27 0.8475 1.0150000000000001
4:  [[0, 5], [0, 7], [5, 6], [7, 8]] - 4.407500000000001
ipcs: 1.245 1.3124999999999998 1.275 1.2900000000000003
5:  [[0, 2], [3, 7], [1, 5], [5, 8]] - 5.1225000000000005
ipcs: 1.24 1.2750000000000001 1.2725 1.2974999999999999
6:  [[0, 2], [1, 5], [1, 7], [5, 8]] - 5.085
ipcs: 1.1949999999999998 1.2775 1.1025 1.09
7:  [[1, 3], [0, 5], [5, 7], [7, 8]] - 4.665
step: 006   [0, 4] , [3, 6] , [1, 7] , [4, 8]  -  5.147499999999999
=============================================
step = 7
ipcs: 1.24 1.2575 0.89 1.0450000000000002
0:  [[0, 6], [0, 8], [4, 5], [7, 8]] - 4.4325
ipcs: 1.2575 1.0975000000000001 1.305 0.98
1:  [[0, 6], [2, 3], [0, 7], [7, 8]] - 4.640000000000001
ipcs: 1.1925000000000001 1.2750000000000001 1.23 1.26
2:  [[0, 2], [0, 6], [3, 6], [4, 8]] - 4.9575000000000005
ipcs: 1.21 1.265 1.2475 1.2475
3:  [[0, 2], [0, 4], [4, 8], [4, 8]] - 4.97
ipcs: 1.2575 1.2825 1.22 0.9524999999999999
4:  [[0, 6], [0, 7], [5, 7], [7, 8]] - 4.7124999999999995
ipcs: 0.9975 1.3099999999999998 1.3074999999999999 1.2449999999999999
5:  [[0, 1], [4, 8], [0, 6], [4, 7]] - 4.86
ipcs: 1.2675 1.2725 1.29 1.26
6:  [[0, 3], [2, 4], [0, 8], [4, 8]] - 5.09
ipcs: 0.9825 1.315 1.29 1.045
7:  [[2, 3], [0, 5], [5, 8], [7, 8]] - 4.6325
step: 007   [0, 4] , [3, 6] , [1, 7] , [4, 8]  -  5.147499999999999
=============================================
step = 8
ipcs: 1.2375 1.27 0.9475 1.245
0:  [[0, 5], [1, 7], [3, 4], [6, 8]] - 4.7
ipcs: 1.25 1.2625000000000002 1.3125 1.2500000000000002
1:  [[0, 5], [1, 4], [0, 8], [6, 8]] - 5.075
ipcs: 1.1825 1.2774999999999999 1.3075 1.255
2:  [[0, 2], [0, 5], [3, 7], [3, 8]] - 5.0225
ipcs: 1.03 1.2750000000000001 1.26 1.3
3:  [[0, 1], [0, 4], [4, 8], [3, 8]] - 4.865
ipcs: 1.2375 1.27 1.1625 1.0375
4:  [[0, 5], [0, 6], [6, 8], [7, 8]] - 4.7075000000000005
ipcs: 1.0 1.2725000000000002 1.2725 1.245
5:  [[0, 1], [5, 8], [0, 7], [3, 6]] - 4.79
ipcs: 1.2725 1.06 1.305 1.2950000000000002
6:  [[0, 4], [3, 4], [0, 8], [3, 8]] - 4.9325
ipcs: 1.0675000000000001 1.2675 1.2650000000000001 1.1600000000000001
7:  [[2, 3], [0, 5], [5, 8], [6, 8]] - 4.76
step: 008   [0, 4] , [3, 6] , [1, 7] , [4, 8]  -  5.147499999999999
=============================================
step = 9
ipcs: 1.2725 1.2625 1.2799999999999998 1.2474999999999998
0:  [[0, 4], [2, 6], [2, 5], [5, 8]] - 5.0625
ipcs: 1.2600000000000002 1.3125 1.27 1.29
1:  [[0, 4], [1, 5], [0, 8], [5, 8]] - 5.1325
ipcs: 1.2599999999999998 1.3025 1.3024999999999998 1.2875
2:  [[0, 3], [0, 5], [2, 8], [3, 8]] - 5.1525
ipcs: 0.9575 1.2525000000000002 1.3025 1.295
3:  [[0, 1], [0, 3], [3, 8], [2, 8]] - 4.8075
ipcs: 1.2575 1.2775 1.22 0.9500000000000001
4:  [[0, 4], [0, 6], [5, 8], [7, 8]] - 4.705
ipcs: 1.2025000000000001 1.26 1.2725 1.2575
5:  [[0, 2], [5, 8], [0, 8], [2, 6]] - 4.992500000000001
ipcs: 1.235 1.2225000000000001 1.27 1.2575
6:  [[0, 5], [3, 5], [0, 8], [2, 8]] - 4.985
ipcs: 1.0474999999999999 1.31 1.145 1.2125
7:  [[1, 2], [0, 5], [5, 7], [5, 8]] - 4.715
step: 009   [0, 3] , [0, 5] , [2, 8] , [3, 8]  -  5.1525
=============================================
step = 10
ipcs: 1.2500000000000002 1.23 1.2625 1.2825
0:  [[0, 3], [3, 5], [1, 6], [4, 8]] - 5.025
ipcs: 1.225 1.2650000000000001 1.27 1.2925
1:  [[0, 3], [2, 6], [0, 8], [4, 8]] - 5.0525
ipcs: 1.2625 1.305 1.2675 1.29
2:  [[0, 4], [0, 6], [1, 7], [4, 8]] - 5.125
ipcs: 1.1675 1.225 1.305 1.2599999999999998
3:  [[0, 2], [0, 3], [2, 8], [2, 8]] - 4.9575
ipcs: 1.245 1.2725000000000002 1.2625000000000002 0.9349999999999999
4:  [[0, 3], [0, 5], [4, 8], [7, 8]] - 4.715
ipcs: 1.2774999999999999 1.2425 1.3124999999999998 1.2149999999999999
5:  [[0, 3], [4, 7], [0, 8], [3, 7]] - 5.047499999999999
ipcs: 1.2449999999999999 1.2025000000000001 1.27 1.255
6:  [[0, 5], [4, 6], [0, 8], [2, 8]] - 4.9725
ipcs: 0.9475 1.3124999999999998 0.9175 1.255
7:  [[0, 1], [1, 5], [6, 7], [4, 8]] - 4.432499999999999
step: 010   [0, 3] , [0, 5] , [2, 8] , [3, 8]  -  5.1525
=============================================
step = 11
ipcs: 1.1900000000000002 0.9900000000000001 1.2725 1.295
0:  [[0, 2], [3, 4], [0, 7], [3, 8]] - 4.7475000000000005
ipcs: 1.2525 1.2675 1.3175 1.26
1:  [[0, 2], [3, 7], [0, 8], [3, 8]] - 5.0975
ipcs: 1.26 1.31 1.2725 1.29
2:  [[0, 5], [0, 7], [0, 6], [5, 8]] - 5.1325
ipcs: 1.2599999999999998 1.26 1.27 1.2525
3:  [[0, 3], [0, 4], [1, 8], [3, 8]] - 5.0424999999999995
ipcs: 1.24 1.2750000000000001 1.28 0.9975
4:  [[0, 2], [0, 4], [3, 7], [7, 8]] - 4.7925
ipcs: 1.2774999999999999 1.26 1.315 1.2475
5:  [[0, 4], [3, 6], [0, 8], [4, 8]] - 5.1
ipcs: 1.2475 1.2575 1.2750000000000001 1.295
6:  [[0, 4], [3, 6], [0, 8], [3, 8]] - 5.075
ipcs: 1.0575 1.31 0.895 1.2575
7:  [[0, 1], [1, 4], [5, 6], [3, 8]] - 4.5200000000000005
step: 011   [0, 3] , [0, 5] , [2, 8] , [3, 8]  -  5.1525
=============================================
step = 12
ipcs: 0.93 1.1099999999999999 1.265 1.2974999999999999
0:  [[0, 1], [3, 4], [0, 8], [2, 8]] - 4.602499999999999
ipcs: 1.1300000000000001 1.2675 1.2774999999999999 1.2625
1:  [[0, 2], [2, 7], [0, 8], [2, 8]] - 4.9375
ipcs: 1.2525000000000002 1.3 1.285 1.29
2:  [[0, 5], [0, 7], [0, 6], [5, 8]] - 5.1275
ipcs: 1.2475 1.3075 1.2575 1.2275
3:  [[0, 4], [0, 5], [1, 8], [4, 8]] - 5.04
ipcs: 0.9625000000000001 1.2475 1.275 0.9675
4:  [[0, 1], [0, 3], [2, 7], [7, 8]] - 4.4525
ipcs: 1.2425 1.2574999999999998 1.2675 1.245
5:  [[0, 4], [2, 5], [0, 7], [5, 8]] - 5.0125
ipcs: 1.25 1.2625 1.2675 1.2974999999999999
6:  [[0, 3], [2, 5], [0, 8], [4, 8]] - 5.077500000000001
ipcs: 1.195 1.105 1.19 1.26
7:  [[0, 2], [2, 3], [4, 6], [2, 8]] - 4.75
step: 012   [0, 3] , [0, 5] , [2, 8] , [3, 8]  -  5.1525
=============================================
step = 13
ipcs: 1.2475 1.035 1.275 1.2974999999999999
0:  [[0, 2], [2, 3], [0, 8], [2, 8]] - 4.8549999999999995
ipcs: 1.2375 1.2625 1.275 1.25
1:  [[0, 3], [1, 6], [0, 8], [2, 8]] - 5.025
ipcs: 1.2774999999999999 1.27 1.27 1.255
2:  [[0, 4], [0, 6], [1, 7], [4, 8]] - 5.0725
ipcs: 1.2799999999999998 1.3125 1.2925 1.2375
3:  [[0, 5], [0, 6], [2, 8], [5, 8]] - 5.1225
ipcs: 1.0474999999999999 1.25 1.27 1.065
4:  [[0, 1], [0, 3], [1, 7], [7, 8]] - 4.6325
ipcs: 1.2275 1.295 1.305 1.255
5:  [[0, 3], [1, 4], [0, 6], [5, 8]] - 5.0825
ipcs: 1.1775 1.3 1.3074999999999999 1.2850000000000001
6:  [[0, 2], [1, 4], [0, 8], [5, 8]] - 5.07
ipcs: 1.2325000000000002 1.0225 1.295 1.2974999999999999
7:  [[0, 3], [2, 3], [3, 6], [2, 8]] - 4.8475
step: 013   [0, 3] , [0, 5] , [2, 8] , [3, 8]  -  5.1525
=============================================
step = 14
ipcs: 1.2425 1.2975 1.275 1.2574999999999998
0:  [[0, 3], [1, 4], [0, 8], [3, 8]] - 5.0725
ipcs: 1.2874999999999999 1.2725 1.315 1.2574999999999998
1:  [[0, 4], [0, 5], [0, 8], [3, 8]] - 5.132499999999999
ipcs: 1.24 1.3074999999999999 1.2625 1.2574999999999998
2:  [[0, 3], [0, 5], [2, 8], [3, 8]] - 5.067499999999999
ipcs: 1.275 1.2675 1.2925 1.2325
3:  [[0, 5], [0, 7], [3, 8], [5, 8]] - 5.0675
ipcs: 1.2125 1.27 1.275 1.0875
4:  [[0, 2], [0, 4], [2, 7], [7, 8]] - 4.845
ipcs: 1.155 1.2675 1.265 1.265
5:  [[0, 2], [0, 5], [0, 5], [4, 8]] - 4.9525
ipcs: 0.9775 1.29 1.28 1.2850000000000001
6:  [[0, 1], [0, 3], [0, 8], [5, 8]] - 4.8325000000000005
ipcs: 1.2500000000000002 1.1075 1.2899999999999998 1.2475
7:  [[0, 4], [2, 3], [2, 7], [3, 8]] - 4.895
step: 014   [0, 3] , [0, 5] , [2, 8] , [3, 8]  -  5.1525
=============================================
step = 15
ipcs: 1.245 1.275 1.27 1.3
0:  [[0, 4], [0, 5], [0, 8], [4, 8]] - 5.09
ipcs: 1.2475 1.29 1.3074999999999999 1.2574999999999998
1:  [[0, 5], [0, 4], [0, 8], [4, 8]] - 5.102499999999999
ipcs: 1.2200000000000002 1.2675 1.2974999999999999 1.2974999999999999
2:  [[0, 2], [0, 4], [3, 8], [2, 8]] - 5.0825
ipcs: 1.2550000000000001 1.32 1.2574999999999998 1.2699999999999998
3:  [[0, 4], [0, 8], [4, 8], [5, 8]] - 5.1025
ipcs: 1.2774999999999999 1.265 1.3075 1.08
4:  [[0, 3], [0, 5], [3, 7], [7, 8]] - 4.93
ipcs: 1.0599999999999998 1.2775 1.2674999999999998 1.2574999999999998
5:  [[0, 1], [0, 6], [0, 4], [3, 8]] - 4.862499999999999
ipcs: 0.9675 1.295 1.305 1.265
6:  [[0, 1], [0, 3], [0, 8], [4, 8]] - 4.8325
ipcs: 1.2774999999999999 0.9975 1.2625 1.295
7:  [[0, 5], [2, 3], [1, 8], [4, 8]] - 4.8325
step: 015   [0, 3] , [0, 5] , [2, 8] , [3, 8]  -  5.1525
=============================================
step = 16
ipcs: 1.235 1.31 1.265 1.28
0:  [[0, 5], [0, 6], [0, 8], [5, 8]] - 5.09
ipcs: 1.2475 1.2999999999999998 1.2775 1.2449999999999999
1:  [[0, 6], [0, 3], [0, 8], [5, 8]] - 5.07
ipcs: 0.9849999999999999 1.2625000000000002 1.305 1.2525
2:  [[0, 1], [0, 3], [4, 8], [1, 8]] - 4.805
ipcs: 1.2725 1.2750000000000001 1.2974999999999999 1.2475
3:  [[0, 3], [0, 7], [3, 8], [4, 8]] - 5.0925
ipcs: 1.285 1.3175 1.3025 1.0375
4:  [[0, 4], [0, 6], [4, 7], [7, 8]] - 4.942500000000001
ipcs: 0.96 1.2750000000000001 1.275 1.3
5:  [[0, 1], [0, 7], [0, 5], [2, 8]] - 4.8100000000000005
ipcs: 1.165 1.26 1.3175 1.2625
6:  [[0, 2], [0, 4], [0, 8], [3, 8]] - 5.005
ipcs: 1.2774999999999999 1.01 1.3 1.2774999999999999
7:  [[0, 4], [2, 3], [1, 8], [5, 8]] - 4.864999999999999
step: 016   [0, 3] , [0, 5] , [2, 8] , [3, 8]  -  5.1525
=============================================
step = 17
ipcs: 1.285 1.2750000000000001 1.305 1.28
0:  [[0, 5], [1, 7], [0, 8], [5, 8]] - 5.1450000000000005
ipcs: 1.2475 1.2750000000000001 1.2625 1.2525
1:  [[0, 5], [0, 4], [0, 8], [6, 8]] - 5.0375
ipcs: 0.9950000000000001 1.2475 1.3024999999999998 1.25
2:  [[0, 1], [0, 3], [4, 8], [1, 8]] - 4.795
ipcs: 1.2774999999999999 1.2675 1.2725 1.2925
3:  [[0, 3], [0, 6], [2, 8], [3, 8]] - 5.109999999999999
ipcs: 1.2725 1.3025 0.915 1.06
4:  [[0, 5], [0, 7], [5, 6], [7, 8]] - 4.550000000000001
ipcs: 1.1775 1.3125 1.265 1.25
5:  [[0, 2], [0, 8], [0, 6], [3, 8]] - 5.005
ipcs: 1.2825 1.2775 1.275 1.26
6:  [[0, 3], [0, 5], [0, 8], [2, 8]] - 5.095
ipcs: 1.23 1.09 1.26 1.2575
7:  [[0, 3], [2, 3], [2, 8], [6, 8]] - 4.8375
step: 017   [0, 3] , [0, 5] , [2, 8] , [3, 8]  -  5.1525
=============================================
step = 18
ipcs: 1.24 1.3125 1.2675 1.2475
0:  [[0, 4], [2, 7], [0, 8], [4, 8]] - 5.067500000000001
ipcs: 1.2525 1.2725 1.2799999999999998 1.23
1:  [[0, 4], [0, 5], [0, 8], [6, 8]] - 5.035
ipcs: 1.195 1.275 1.27 1.2625
2:  [[0, 2], [0, 4], [3, 8], [2, 8]] - 5.0024999999999995
ipcs: 1.2550000000000001 1.2725 1.305 1.295
3:  [[0, 3], [0, 5], [1, 8], [2, 8]] - 5.1274999999999995
ipcs: 1.2475 1.2325 0.8425 1.0425
4:  [[0, 6], [0, 8], [5, 6], [7, 8]] - 4.365
ipcs: 1.24 1.305 1.27 1.2525
5:  [[0, 3], [0, 8], [0, 7], [4, 8]] - 5.0675
ipcs: 1.26 1.2750000000000001 1.265 1.2525
6:  [[0, 4], [0, 6], [0, 8], [2, 8]] - 5.0525
ipcs: 1.2525 1.0025 1.27 0.9800000000000001
7:  [[0, 2], [2, 3], [3, 8], [7, 8]] - 4.505
step: 018   [0, 3] , [0, 5] , [2, 8] , [3, 8]  -  5.1525
=============================================
step = 19
ipcs: 1.2774999999999999 1.3074999999999999 1.2774999999999999 1.3025
0:  [[0, 3], [3, 6], [0, 8], [3, 8]] - 5.165
ipcs: 1.2425 1.3124999999999998 1.2725 1.3
1:  [[0, 3], [0, 6], [0, 8], [5, 8]] - 5.1274999999999995
ipcs: 1.2825000000000002 1.2725 1.3024999999999998 1.2650000000000001
2:  [[0, 3], [0, 5], [2, 8], [3, 8]] - 5.1225000000000005
ipcs: 1.25 1.28 1.2775 1.31
3:  [[0, 4], [0, 4], [0, 8], [2, 8]] - 5.1175
ipcs: 1.2475 1.3075 0.9775 1.04
4:  [[0, 5], [0, 7], [5, 6], [7, 8]] - 4.5725
ipcs: 1.255 1.27 1.3024999999999998 1.29
5:  [[0, 4], [0, 7], [0, 8], [5, 8]] - 5.1175
ipcs: 1.26 1.2650000000000001 1.2725 1.31
6:  [[0, 5], [0, 7], [0, 8], [2, 8]] - 5.1075
ipcs: 1.2375 1.025 1.3024999999999998 1.2575
7:  [[0, 2], [2, 3], [3, 8], [6, 8]] - 4.8225
step: 019   [0, 3] , [3, 6] , [0, 8] , [3, 8]  -  5.165
=============================================
step = 20
ipcs: 1.24 1.23 1.305 1.3
0:  [[0, 2], [3, 5], [0, 8], [2, 8]] - 5.074999999999999
ipcs: 1.2375 1.27 1.3074999999999999 1.3075
1:  [[0, 2], [0, 7], [0, 8], [4, 8]] - 5.1225000000000005
ipcs: 1.235 1.275 1.2650000000000001 1.255
2:  [[0, 4], [0, 6], [1, 8], [4, 8]] - 5.029999999999999
ipcs: 1.2774999999999999 1.27 1.2774999999999999 1.3075
3:  [[0, 5], [0, 3], [0, 8], [3, 8]] - 5.1325
ipcs: 1.2525 1.29 0.8650000000000001 1.0025
4:  [[0, 4], [0, 7], [5, 6], [7, 8]] - 4.41
ipcs: 1.235 1.3075 1.2774999999999999 1.245
5:  [[0, 4], [0, 6], [0, 8], [6, 8]] - 5.065
ipcs: 1.2799999999999998 1.2650000000000001 1.2625 1.2525
6:  [[0, 6], [0, 8], [0, 8], [2, 8]] - 5.0600000000000005
ipcs: 1.2125 1.1 1.2625 1.2925
7:  [[0, 2], [2, 3], [3, 8], [5, 8]] - 4.8675
step: 020   [0, 3] , [3, 6] , [0, 8] , [3, 8]  -  5.165
=============================================
step = 21
ipcs: 1.065 0.9974999999999999 1.305 1.29
0:  [[0, 1], [3, 4], [0, 8], [1, 8]] - 4.6575
ipcs: 1.0675 1.3074999999999999 1.265 1.2974999999999999
1:  [[0, 1], [0, 8], [0, 8], [3, 8]] - 4.9375
ipcs: 1.2425 1.305 1.2725 1.2875
2:  [[0, 5], [0, 7], [0, 8], [5, 8]] - 5.1075
ipcs: 1.28 1.255 1.275 1.255
3:  [[0, 6], [0, 2], [0, 8], [4, 8]] - 5.0649999999999995
ipcs: 1.27 1.29 0.9199999999999999 1.0325
4:  [[0, 3], [0, 7], [5, 6], [7, 8]] - 4.5125
ipcs: 1.27 1.2725 1.305 1.2225000000000001
5:  [[0, 3], [0, 5], [0, 8], [6, 8]] - 5.07
ipcs: 1.2375 1.27 1.3175 1.2925
6:  [[0, 5], [0, 8], [0, 8], [2, 8]] - 5.1175
ipcs: 1.2325000000000002 1.0925 1.2725 1.25
7:  [[0, 2], [2, 3], [3, 8], [4, 8]] - 4.8475
step: 021   [0, 3] , [3, 6] , [0, 8] , [3, 8]  -  5.165
=============================================
step = 22
ipcs: 0.9199999999999999 1.1175 1.27 1.26
0:  [[0, 1], [3, 4], [0, 8], [1, 8]] - 4.5675
ipcs: 0.955 1.31 1.2675 1.2974999999999999
1:  [[0, 1], [0, 8], [0, 8], [2, 8]] - 4.83
ipcs: 1.2825 1.2750000000000001 1.265 1.2775
2:  [[0, 5], [0, 7], [0, 8], [5, 8]] - 5.1
ipcs: 1.2575 1.23 1.27 1.275
3:  [[0, 7], [0, 2], [0, 8], [5, 8]] - 5.0325
ipcs: 1.21 1.2725000000000002 0.965 1.05
4:  [[0, 2], [0, 7], [5, 6], [7, 8]] - 4.4975
ipcs: 1.2475 1.305 1.305 1.165
5:  [[0, 2], [0, 5], [0, 8], [6, 8]] - 5.0225
ipcs: 1.26 1.305 1.3024999999999998 1.2999999999999998
6:  [[0, 4], [0, 7], [0, 8], [3, 8]] - 5.1674999999999995
ipcs: 1.2000000000000002 1.1175 1.255 1.2974999999999999
7:  [[0, 2], [2, 3], [3, 8], [3, 8]] - 4.869999999999999
step: 022   [0, 4] , [0, 7] , [0, 8] , [3, 8]  -  5.1674999999999995
=============================================
step = 23
ipcs: 1.1800000000000002 1.2774999999999999 1.2725 1.2625
0:  [[0, 2], [3, 5], [0, 8], [2, 8]] - 4.9925
ipcs: 1.2525 1.28 1.275 1.3
1:  [[0, 2], [0, 7], [0, 8], [2, 8]] - 5.1075
ipcs: 1.285 1.2775 1.2675 1.2925
2:  [[0, 4], [0, 6], [0, 8], [4, 8]] - 5.1225000000000005
ipcs: 1.24 1.27 1.275 1.3024999999999998
3:  [[0, 6], [0, 3], [0, 8], [5, 8]] - 5.0874999999999995
ipcs: 1.2175 1.3024999999999998 0.9575 0.9724999999999999
4:  [[0, 2], [0, 7], [5, 6], [7, 8]] - 4.449999999999999
ipcs: 1.0775 1.27 1.305 1.2875
5:  [[0, 1], [0, 6], [0, 8], [5, 8]] - 4.9399999999999995
ipcs: 1.23 1.255 1.2999999999999998 1.2525
6:  [[0, 3], [0, 6], [0, 8], [4, 8]] - 5.0375
ipcs: 1.2325000000000002 1.13 1.2774999999999999 1.2574999999999998
7:  [[0, 2], [2, 3], [4, 8], [2, 8]] - 4.897499999999999
step: 023   [0, 4] , [0, 7] , [0, 8] , [3, 8]  -  5.1674999999999995
=============================================
step = 24
ipcs: 1.2325 1.3024999999999998 1.275 1.26
0:  [[0, 3], [3, 6], [0, 8], [3, 8]] - 5.069999999999999
ipcs: 1.25 1.2725 1.27 1.295
1:  [[0, 3], [0, 6], [0, 8], [3, 8]] - 5.0875
ipcs: 1.2449999999999999 1.315 1.2725 1.2625
2:  [[0, 3], [0, 5], [0, 8], [3, 8]] - 5.095
ipcs: 1.2874999999999999 1.3124999999999998 1.305 1.295
3:  [[0, 5], [0, 4], [0, 8], [4, 8]] - 5.199999999999999
ipcs: 1.2375 1.2674999999999998 0.9425000000000001 1.0474999999999999
4:  [[0, 3], [0, 7], [5, 6], [7, 8]] - 4.494999999999999
ipcs: 1.055 1.2925 1.27 1.2574999999999998
5:  [[0, 1], [0, 7], [0, 8], [4, 8]] - 4.875
ipcs: 1.2225000000000001 1.305 1.305 1.2974999999999999
6:  [[0, 2], [0, 5], [0, 8], [5, 8]] - 5.129999999999999
ipcs: 1.2 1.025 1.3 1.2575
7:  [[0, 2], [2, 3], [5, 8], [2, 8]] - 4.7825
step: 024   [0, 5] , [0, 4] , [0, 8] , [4, 8]  -  5.199999999999999
=============================================
step = 25
ipcs: 1.2575 1.2725000000000002 1.315 1.2875
0:  [[0, 4], [2, 7], [0, 8], [4, 8]] - 5.1325
ipcs: 1.26 1.3099999999999998 1.3175000000000001 1.2925
1:  [[0, 4], [0, 5], [0, 8], [4, 8]] - 5.18
ipcs: 1.17 1.2650000000000001 1.28 1.295
2:  [[0, 2], [0, 4], [0, 8], [2, 8]] - 5.01
ipcs: 1.2550000000000001 1.3024999999999998 1.3199999999999998 1.25
3:  [[0, 4], [0, 5], [0, 8], [3, 8]] - 5.1274999999999995
ipcs: 1.255 1.265 0.81 1.035
4:  [[0, 4], [0, 7], [5, 6], [7, 8]] - 4.364999999999999
ipcs: 1.215 1.295 1.2725 1.255
5:  [[0, 2], [0, 8], [0, 8], [3, 8]] - 5.0375
ipcs: 1.2525 1.2625 1.2825 1.2550000000000001
6:  [[0, 3], [0, 6], [0, 8], [4, 8]] - 5.052499999999999
ipcs: 1.2449999999999999 0.29750000000000004 1.27 1.25
7:  [[0, 2], [2, 3], [4, 8], [3, 8]] - 4.0625
step: 025   [0, 5] , [0, 4] , [0, 8] , [4, 8]  -  5.199999999999999
=============================================
step = 26
ipcs: 1.2725 1.2875 1.3175 1.2425000000000002
0:  [[0, 5], [1, 7], [0, 8], [5, 8]] - 5.12
ipcs: 1.2899999999999998 1.2874999999999999 1.27 1.225
1:  [[0, 5], [0, 4], [0, 8], [5, 8]] - 5.0725
ipcs: 1.185 1.2225000000000001 1.2725 1.2625
2:  [[0, 2], [0, 3], [0, 8], [1, 8]] - 4.9425
ipcs: 1.275 1.2875 1.275 1.2575
3:  [[0, 3], [0, 6], [0, 8], [2, 8]] - 5.095
ipcs: 1.2825 1.2675 0.9374999999999999 0.9824999999999999
4:  [[0, 5], [0, 7], [5, 6], [7, 8]] - 4.47
ipcs: 1.2475 1.2774999999999999 1.3024999999999998 1.3
5:  [[0, 3], [0, 8], [0, 8], [2, 8]] - 5.1274999999999995
ipcs: 1.2225 1.2625000000000002 1.2625 1.265
6:  [[0, 4], [0, 7], [0, 8], [3, 8]] - 5.0125
ipcs: 1.215 1.0999999999999999 1.3025 1.2525000000000002
7:  [[0, 2], [2, 3], [3, 8], [4, 8]] - 4.87
step: 026   [0, 5] , [0, 4] , [0, 8] , [4, 8]  -  5.199999999999999
=============================================
step = 27
ipcs: 1.26 1.27 1.2675 1.2475
0:  [[0, 6], [0, 6], [0, 8], [6, 8]] - 5.045
ipcs: 1.2375000000000003 1.2725 1.27 1.2325
1:  [[0, 6], [0, 3], [0, 8], [6, 8]] - 5.0125
ipcs: 1.2374999999999998 1.2475 1.32 1.2625000000000002
2:  [[0, 3], [0, 2], [0, 8], [2, 8]] - 5.0675
ipcs: 1.27 1.295 1.275 1.2999999999999998
3:  [[0, 3], [0, 6], [0, 8], [2, 8]] - 5.14
ipcs: 1.27 1.2650000000000001 0.96 0.9925
4:  [[0, 6], [0, 7], [5, 6], [7, 8]] - 4.4875
ipcs: 1.25 1.2675 1.27 1.255
5:  [[0, 4], [0, 7], [0, 8], [2, 8]] - 5.0425
ipcs: 1.2774999999999999 1.29 1.2750000000000001 1.295
6:  [[0, 5], [0, 7], [0, 8], [2, 8]] - 5.1375
ipcs: 1.2075 1.01 1.2774999999999999 1.2475
7:  [[0, 2], [2, 3], [2, 8], [5, 8]] - 4.7425
step: 027   [0, 5] , [0, 4] , [0, 8] , [4, 8]  -  5.199999999999999
=============================================
step = 28
ipcs: 1.2774999999999999 1.2575 1.2875 1.1325
0:  [[0, 7], [0, 5], [0, 8], [6, 8]] - 4.955
ipcs: 1.2725 1.255 1.2999999999999998 1.2125
1:  [[0, 7], [0, 2], [0, 8], [6, 8]] - 5.039999999999999
ipcs: 1.2675 1.2725 1.305 1.2974999999999999
2:  [[0, 4], [0, 3], [0, 8], [3, 8]] - 5.1425
ipcs: 1.2325 1.2475 1.32 1.31
3:  [[0, 4], [0, 5], [0, 8], [3, 8]] - 5.109999999999999
ipcs: 1.2550000000000001 1.2675 0.94 0.9825000000000002
4:  [[0, 7], [0, 6], [5, 6], [7, 8]] - 4.445
ipcs: 1.275 1.2525 1.27 1.2475
5:  [[0, 5], [0, 6], [0, 8], [3, 8]] - 5.045
ipcs: 1.285 1.27 1.31 1.3
6:  [[0, 6], [0, 6], [0, 8], [2, 8]] - 5.165
ipcs: 1.225 1.0975000000000001 1.2625 1.25
7:  [[0, 2], [2, 3], [1, 8], [6, 8]] - 4.835
step: 028   [0, 5] , [0, 4] , [0, 8] , [4, 8]  -  5.199999999999999
=============================================
step = 29
ipcs: 1.255 1.2874999999999999 1.2674999999999998 1.255
0:  [[0, 6], [0, 4], [0, 8], [5, 8]] - 5.0649999999999995
ipcs: 1.255 1.2475 1.2650000000000001 1.25
1:  [[0, 7], [0, 2], [0, 8], [6, 8]] - 5.0175
ipcs: 1.2525000000000002 1.27 1.265 1.3074999999999999
2:  [[0, 5], [0, 4], [0, 8], [4, 8]] - 5.095
ipcs: 1.2725 1.2675 1.27 1.305
3:  [[0, 5], [0, 4], [0, 8], [4, 8]] - 5.115
ipcs: 1.255 1.2874999999999999 0.845 1.085
4:  [[0, 7], [0, 5], [5, 6], [7, 8]] - 4.472499999999999
ipcs: 1.2525 1.2625000000000002 1.27 1.2625
5:  [[0, 6], [0, 5], [0, 8], [4, 8]] - 5.0475
ipcs: 1.2550000000000001 1.255 1.2725 1.3074999999999999
6:  [[0, 7], [0, 5], [0, 8], [2, 8]] - 5.09
ipcs: 1.0274999999999999 1.095 1.2725 1.1800000000000002
7:  [[0, 1], [2, 3], [0, 8], [6, 8]] - 4.574999999999999
step: 029   [0, 5] , [0, 4] , [0, 8] , [4, 8]  -  5.199999999999999
=============================================
