step = 0
ipcs: 1.46 1.495 1.1075 1.44
0:  [[0, 8], [0, 8], [0, 8], [0, 8]] - 5.5024999999999995
=============================================
ipcs: 1.5074999999999998 1.5074999999999998 1.2275 1.4900000000000002
0:  [[0, 2], [2, 4], [4, 6], [6, 8]] - 5.7325
ipcs: 1.4825 1.515 1.21 1.4925
1:  [[0, 2], [2, 4], [4, 6], [6, 8]] - 5.699999999999999
ipcs: 1.49 1.4249999999999998 1.2175 1.48
2:  [[0, 2], [2, 4], [4, 6], [6, 8]] - 5.612500000000001
ipcs: 1.445 1.5025 1.2075 1.4875
3:  [[0, 2], [2, 4], [4, 6], [6, 8]] - 5.642499999999999
ipcs: 1.4925 1.4925000000000002 1.21 1.5
4:  [[0, 2], [2, 4], [4, 6], [6, 8]] - 5.695
ipcs: 1.48 1.4975 1.12 1.4725000000000001
5:  [[0, 2], [2, 4], [4, 6], [6, 8]] - 5.57
ipcs: 1.4949999999999999 1.42 1.2275 1.4900000000000002
6:  [[0, 2], [2, 4], [4, 6], [6, 8]] - 5.6325
ipcs: 1.4249999999999998 1.485 1.2049999999999998 1.4725000000000001
7:  [[0, 2], [2, 4], [4, 6], [6, 8]] - 5.5875
step: 000   [0, 2] , [2, 4] , [4, 6] , [6, 8]  -  5.7325
=============================================
step = 1
ipcs: 1.49 1.46 1.2774999999999999 1.48
0:  [[0, 2], [2, 4], [3, 6], [6, 8]] - 5.7075
ipcs: 1.44 1.5525 1.1649999999999998 1.4775
1:  [[0, 2], [1, 5], [4, 6], [6, 8]] - 5.635
ipcs: 1.5 1.4174999999999998 1.2650000000000001 1.4874999999999998
2:  [[0, 3], [2, 4], [3, 6], [6, 8]] - 5.669999999999999
ipcs: 1.44 1.4925 1.1425 1.5075
3:  [[0, 3], [1, 4], [4, 6], [5, 8]] - 5.5825000000000005
ipcs: 1.4549999999999998 1.51 1.2225000000000001 1.47
4:  [[0, 2], [1, 4], [4, 6], [6, 8]] - 5.6575
ipcs: 1.4525 1.4925000000000002 1.145 1.4625
5:  [[0, 2], [2, 4], [4, 6], [6, 8]] - 5.5525
ipcs: 1.4725000000000001 1.4875000000000003 1.2325 1.4674999999999998
6:  [[0, 2], [2, 4], [4, 6], [6, 8]] - 5.66
ipcs: 1.41 1.4625 1.2275 1.5
7:  [[0, 2], [1, 4], [3, 6], [5, 8]] - 5.6
step: 001   [0, 2] , [2, 4] , [4, 6] , [6, 8]  -  5.7325
=============================================
step = 2
ipcs: 1.48 1.4349999999999998 1.3125 1.4774999999999998
0:  [[0, 2], [2, 4], [2, 6], [6, 8]] - 5.705
ipcs: 1.4175 1.5425 1.105 1.47
1:  [[0, 2], [0, 6], [4, 6], [6, 8]] - 5.534999999999999
ipcs: 1.4825 1.3924999999999998 1.2974999999999999 1.4575
2:  [[0, 4], [2, 4], [2, 6], [6, 8]] - 5.629999999999999
ipcs: 1.455 1.4449999999999998 1.1225 1.545
3:  [[0, 4], [0, 3], [4, 5], [4, 8]] - 5.5675
ipcs: 1.4125 1.5350000000000001 1.2175 1.4725
4:  [[0, 2], [0, 4], [4, 6], [6, 8]] - 5.6375
ipcs: 1.365 1.4625000000000001 1.2225000000000001 1.4575
5:  [[0, 2], [2, 4], [4, 6], [6, 8]] - 5.5075
ipcs: 1.4575 1.4774999999999998 1.22 1.4675
6:  [[0, 2], [2, 4], [4, 6], [6, 8]] - 5.6225
ipcs: 1.3875 1.5150000000000001 1.1774999999999998 1.53
7:  [[0, 2], [0, 4], [2, 6], [4, 8]] - 5.61
step: 002   [0, 2] , [2, 4] , [4, 6] , [6, 8]  -  5.7325
=============================================
step = 3
ipcs: 1.4749999999999999 1.4049999999999998 1.2475 1.4575
0:  [[0, 2], [2, 4], [2, 6], [6, 8]] - 5.584999999999999
ipcs: 1.3650000000000002 1.6575 1.15 1.4249999999999998
1:  [[1, 2], [0, 7], [4, 6], [6, 8]] - 5.597499999999999
ipcs: 1.445 1.3775000000000002 1.2425 1.455
2:  [[0, 4], [2, 4], [2, 6], [6, 8]] - 5.5200000000000005
ipcs: 1.5025 1.43 1.12 1.5625
3:  [[0, 4], [0, 2], [4, 5], [4, 8]] - 5.615
ipcs: 1.3775 1.505 1.2125 1.4525000000000001
4:  [[0, 2], [1, 4], [4, 6], [6, 8]] - 5.547499999999999
ipcs: 1.4275 1.4775 1.2 1.4725000000000001
5:  [[0, 2], [2, 4], [4, 6], [6, 8]] - 5.577500000000001
ipcs: 1.4675 1.4 1.2125 1.3975
6:  [[0, 2], [2, 4], [4, 6], [6, 8]] - 5.4775
ipcs: 1.3750000000000002 1.53 1.16 1.54
7:  [[0, 2], [0, 4], [2, 6], [4, 8]] - 5.605
step: 003   [0, 2] , [2, 4] , [4, 6] , [6, 8]  -  5.7325
=============================================
step = 4
ipcs: 1.455 1.4825 1.2775 1.47
0:  [[0, 2], [2, 4], [3, 6], [6, 8]] - 5.685
ipcs: 1.3075 1.6025 1.1724999999999999 1.48
1:  [[1, 2], [0, 6], [4, 6], [6, 8]] - 5.5625
ipcs: 1.5050000000000001 1.43 1.2425 1.4849999999999999
2:  [[0, 3], [2, 4], [3, 6], [6, 8]] - 5.6625
ipcs: 1.5150000000000001 1.3725 1.1325 1.5325
3:  [[0, 4], [1, 2], [4, 5], [5, 8]] - 5.5525
ipcs: 1.4675000000000002 1.4725000000000001 1.16 1.4675
4:  [[0, 2], [2, 4], [4, 6], [6, 8]] - 5.567500000000001
ipcs: 1.4275 1.4725000000000001 1.1624999999999999 1.47
5:  [[0, 2], [2, 4], [4, 6], [6, 8]] - 5.5325
ipcs: 1.4674999999999998 1.4725000000000001 1.2325 1.4675
6:  [[0, 2], [2, 4], [4, 6], [6, 8]] - 5.64
ipcs: 1.4425 1.4725 1.23 1.495
7:  [[0, 2], [1, 4], [3, 6], [5, 8]] - 5.64
step: 004   [0, 2] , [2, 4] , [4, 6] , [6, 8]  -  5.7325
=============================================
step = 5
ipcs: 1.46 1.4775 1.15 1.4574999999999998
0:  [[0, 2], [2, 4], [4, 6], [6, 8]] - 5.545
ipcs: 1.35 1.615 1.16 1.4775
1:  [[1, 2], [0, 5], [4, 6], [6, 8]] - 5.6025
ipcs: 1.455 1.4774999999999998 1.21 1.4
2:  [[0, 2], [2, 4], [4, 6], [6, 8]] - 5.5425
ipcs: 1.4999999999999998 1.44 1.12 1.54
3:  [[0, 4], [1, 3], [4, 5], [5, 8]] - 5.6
ipcs: 1.4 1.47 1.21 1.4725
4:  [[0, 2], [2, 4], [4, 6], [6, 8]] - 5.5525
ipcs: 1.3624999999999998 1.425 1.22 1.46
5:  [[0, 2], [2, 4], [4, 6], [6, 8]] - 5.467499999999999
ipcs: 1.455 1.46 1.22 1.4675
6:  [[0, 2], [2, 4], [4, 6], [6, 8]] - 5.6025
ipcs: 1.4675 1.4775 1.1375 1.48
7:  [[0, 2], [2, 4], [4, 6], [6, 8]] - 5.5625
step: 005   [0, 2] , [2, 4] , [4, 6] , [6, 8]  -  5.7325
=============================================
step = 6
ipcs: 1.46 1.48 1.2174999999999998 1.4775
0:  [[0, 2], [2, 4], [4, 6], [6, 8]] - 5.635
ipcs: 1.3375000000000001 1.5750000000000002 1.2049999999999998 1.47
1:  [[1, 2], [0, 4], [4, 6], [6, 8]] - 5.5875
ipcs: 1.4074999999999998 1.48 1.1400000000000001 1.47
2:  [[0, 2], [2, 4], [4, 6], [6, 8]] - 5.4975
ipcs: 1.52 1.4324999999999999 1.1375000000000002 1.53
3:  [[0, 4], [2, 4], [4, 5], [5, 8]] - 5.62
ipcs: 1.445 1.4774999999999998 1.2125 1.4649999999999999
4:  [[0, 2], [2, 4], [4, 6], [6, 8]] - 5.6
ipcs: 1.4625 1.4849999999999999 1.2225000000000001 1.4625000000000001
5:  [[0, 2], [2, 4], [4, 6], [6, 8]] - 5.6325
ipcs: 1.46 1.4700000000000002 1.2225000000000001 1.4675
6:  [[0, 2], [2, 4], [4, 6], [6, 8]] - 5.62
ipcs: 1.43 1.4725 1.2275 1.465
7:  [[0, 2], [2, 4], [4, 6], [6, 8]] - 5.595
step: 006   [0, 2] , [2, 4] , [4, 6] , [6, 8]  -  5.7325
=============================================
step = 7
ipcs: 1.4700000000000002 1.4900000000000002 1.2149999999999999 1.4874999999999998
0:  [[0, 2], [2, 4], [4, 6], [6, 8]] - 5.6625000000000005
ipcs: 1.31 1.57 1.22 1.4649999999999999
1:  [[1, 2], [0, 4], [4, 6], [6, 8]] - 5.5649999999999995
ipcs: 1.4075 1.4749999999999999 1.1425 1.4574999999999998
2:  [[0, 2], [2, 4], [4, 6], [6, 8]] - 5.4825
ipcs: 1.4975 1.4425 1.1 1.5299999999999998
3:  [[0, 3], [3, 5], [4, 5], [5, 8]] - 5.57
ipcs: 1.46 1.48 1.1350000000000002 1.4649999999999999
4:  [[0, 2], [2, 4], [4, 6], [6, 8]] - 5.54
ipcs: 1.4474999999999998 1.4825 1.2149999999999999 1.4625
5:  [[0, 2], [2, 4], [4, 6], [6, 8]] - 5.6075
ipcs: 1.475 1.4700000000000002 1.2225000000000001 1.4649999999999999
6:  [[0, 2], [2, 4], [4, 6], [6, 8]] - 5.6325
ipcs: 1.4349999999999998 1.4825 1.2225000000000001 1.4575
7:  [[0, 2], [2, 4], [4, 6], [6, 8]] - 5.5975
step: 007   [0, 2] , [2, 4] , [4, 6] , [6, 8]  -  5.7325
=============================================
step = 8
ipcs: 1.405 1.4749999999999999 1.2075 1.4575
0:  [[0, 2], [2, 4], [4, 6], [6, 8]] - 5.545
ipcs: 1.3599999999999999 1.5725 1.2049999999999998 1.455
1:  [[1, 2], [0, 4], [4, 6], [6, 8]] - 5.5925
ipcs: 1.4049999999999998 1.47 1.2049999999999998 1.4625
2:  [[0, 2], [2, 4], [4, 6], [6, 8]] - 5.5425
ipcs: 1.5225 1.5 1.1350000000000002 1.455
3:  [[0, 3], [3, 6], [4, 5], [6, 8]] - 5.612500000000001
ipcs: 1.4725000000000001 1.4725 1.24 1.4675
4:  [[0, 2], [2, 4], [4, 6], [6, 8]] - 5.652500000000001
ipcs: 1.4475 1.47 1.2275 1.4725
5:  [[0, 2], [2, 4], [4, 6], [6, 8]] - 5.6175
ipcs: 1.485 1.4575 1.1624999999999999 1.4675
6:  [[0, 2], [2, 4], [4, 6], [6, 8]] - 5.5725
ipcs: 1.3650000000000002 1.4700000000000002 1.2449999999999999 1.4749999999999999
7:  [[0, 2], [2, 4], [4, 6], [6, 8]] - 5.555
step: 008   [0, 2] , [2, 4] , [4, 6] , [6, 8]  -  5.7325
=============================================
step = 9
ipcs: 1.4775 1.4875 1.2349999999999999 1.47
0:  [[0, 2], [2, 4], [4, 6], [6, 8]] - 5.669999999999999
ipcs: 1.3525 1.5625 1.2325 1.47
1:  [[1, 2], [0, 4], [4, 6], [6, 8]] - 5.6175
ipcs: 1.4649999999999999 1.4649999999999999 1.2275 1.4575
2:  [[0, 2], [2, 4], [4, 6], [6, 8]] - 5.615
ipcs: 1.5 1.5725000000000002 1.135 1.395
3:  [[0, 3], [3, 7], [4, 5], [7, 8]] - 5.602500000000001
ipcs: 1.48 1.4825 1.23 1.4625
4:  [[0, 2], [2, 4], [4, 6], [6, 8]] - 5.654999999999999
ipcs: 1.44 1.4849999999999999 1.2325 1.46
5:  [[0, 2], [2, 4], [4, 6], [6, 8]] - 5.6175
ipcs: 1.45 1.4625 1.21 1.4625
6:  [[0, 2], [2, 4], [4, 6], [6, 8]] - 5.584999999999999
ipcs: 1.4224999999999999 1.47 1.21 1.4725000000000001
7:  [[0, 2], [2, 4], [4, 6], [6, 8]] - 5.575
step: 009   [0, 2] , [2, 4] , [4, 6] , [6, 8]  -  5.7325
=============================================
step = 10
ipcs: 1.4674999999999998 1.48 1.2175 1.455
0:  [[0, 2], [2, 4], [4, 6], [6, 8]] - 5.62
ipcs: 1.3275000000000001 1.5675000000000001 1.2 1.3875000000000002
1:  [[1, 2], [0, 4], [4, 6], [6, 8]] - 5.482500000000001
ipcs: 1.4875 1.4849999999999999 1.2 1.46
2:  [[0, 2], [2, 4], [4, 6], [6, 8]] - 5.6325
ipcs: 1.44 1.565 1.1175 1.3924999999999998
3:  [[0, 3], [3, 7], [4, 5], [7, 8]] - 5.515
ipcs: 1.4549999999999998 1.4725 1.15 1.45
4:  [[0, 2], [2, 4], [4, 6], [6, 8]] - 5.5275
ipcs: 1.4275 1.4749999999999999 1.1400000000000001 1.4775
5:  [[0, 2], [2, 4], [4, 6], [6, 8]] - 5.5200000000000005
ipcs: 1.46 1.4825 1.2475 1.4625
6:  [[0, 2], [2, 4], [4, 6], [6, 8]] - 5.6525
ipcs: 1.3625000000000003 1.4049999999999998 1.2349999999999999 1.4749999999999999
7:  [[0, 2], [2, 4], [4, 6], [6, 8]] - 5.477499999999999
step: 010   [0, 2] , [2, 4] , [4, 6] , [6, 8]  -  5.7325
=============================================
step = 11
ipcs: 1.4525 1.4674999999999998 1.2325 1.4625
0:  [[0, 2], [2, 4], [4, 6], [6, 8]] - 5.615
ipcs: 1.3499999999999999 1.58 1.2375 1.4825
1:  [[1, 2], [0, 4], [4, 6], [6, 8]] - 5.6499999999999995
ipcs: 1.395 1.4775 1.2525 1.3924999999999998
2:  [[0, 2], [2, 4], [4, 6], [6, 8]] - 5.5175
ipcs: 1.515 1.58 1.15 1.39
3:  [[0, 3], [3, 7], [4, 5], [7, 8]] - 5.634999999999999
ipcs: 1.4074999999999998 1.47 1.255 1.47
4:  [[0, 2], [2, 4], [4, 6], [6, 8]] - 5.602499999999999
ipcs: 1.45 1.4874999999999998 1.24 1.4775
5:  [[0, 2], [2, 4], [4, 6], [6, 8]] - 5.655
ipcs: 1.485 1.4925000000000002 1.2650000000000001 1.47
6:  [[0, 2], [2, 4], [4, 6], [6, 8]] - 5.7124999999999995
ipcs: 1.4474999999999998 1.4725000000000001 1.2225000000000001 1.4024999999999999
7:  [[0, 2], [2, 4], [4, 6], [6, 8]] - 5.545
step: 011   [0, 2] , [2, 4] , [4, 6] , [6, 8]  -  5.7325
=============================================
step = 12
ipcs: 1.415 1.4725 1.2374999999999998 1.47
0:  [[0, 2], [2, 4], [4, 6], [6, 8]] - 5.595
ipcs: 1.3624999999999998 1.58 1.1999999999999997 1.48
1:  [[1, 2], [0, 4], [4, 6], [6, 8]] - 5.6225000000000005
ipcs: 1.4875 1.4049999999999998 1.2349999999999999 1.46
2:  [[0, 2], [2, 4], [4, 6], [6, 8]] - 5.5874999999999995
ipcs: 1.5225 1.5875 1.1300000000000001 1.4099999999999997
3:  [[0, 3], [3, 7], [4, 5], [7, 8]] - 5.65
ipcs: 1.4275 1.4725 1.2275 1.4825
4:  [[0, 2], [2, 4], [4, 6], [6, 8]] - 5.609999999999999
ipcs: 1.45 1.4949999999999999 1.215 1.4925
5:  [[0, 2], [2, 4], [4, 6], [6, 8]] - 5.6525
ipcs: 1.4925 1.505 1.1574999999999998 1.5
6:  [[0, 2], [2, 4], [4, 6], [6, 8]] - 5.654999999999999
ipcs: 1.4425000000000001 1.4975 1.255 1.4774999999999998
7:  [[0, 2], [2, 4], [4, 6], [6, 8]] - 5.6725
step: 012   [0, 2] , [2, 4] , [4, 6] , [6, 8]  -  5.7325
=============================================
step = 13
ipcs: 1.4249999999999998 1.4975 1.2375 1.4875000000000003
0:  [[0, 2], [2, 4], [4, 6], [6, 8]] - 5.647500000000001
ipcs: 1.37 1.6025 1.16 1.4825
1:  [[1, 2], [0, 4], [4, 6], [6, 8]] - 5.615
ipcs: 1.4374999999999998 1.4949999999999999 1.23 1.4725000000000001
2:  [[0, 2], [2, 4], [4, 6], [6, 8]] - 5.635
ipcs: 1.53 1.5925 1.1375000000000002 1.4
3:  [[0, 3], [3, 7], [4, 5], [7, 8]] - 5.66
ipcs: 1.485 1.5100000000000002 1.2149999999999999 1.4925000000000002
4:  [[0, 2], [2, 4], [4, 6], [6, 8]] - 5.702500000000001
ipcs: 1.4024999999999999 1.4975 1.2525 1.4825
5:  [[0, 2], [2, 4], [4, 6], [6, 8]] - 5.635
ipcs: 1.4725000000000001 1.4874999999999998 1.25 1.4675
6:  [[0, 2], [2, 4], [4, 6], [6, 8]] - 5.6775
ipcs: 1.4725 1.4949999999999999 1.2275 1.4875
7:  [[0, 2], [2, 4], [4, 6], [6, 8]] - 5.6825
step: 013   [0, 2] , [2, 4] , [4, 6] , [6, 8]  -  5.7325
=============================================
step = 14
ipcs: 1.4775 1.4825 1.1475 1.46
0:  [[0, 2], [2, 4], [4, 6], [6, 8]] - 5.5675
ipcs: 1.365 1.5924999999999998 1.22 1.4625
1:  [[1, 2], [0, 4], [4, 6], [6, 8]] - 5.639999999999999
ipcs: 1.4675 1.4849999999999999 1.225 1.4675
2:  [[0, 2], [2, 4], [4, 6], [6, 8]] - 5.6450000000000005
ipcs: 1.5025 1.57 1.1150000000000002 1.3975
3:  [[0, 3], [3, 7], [4, 5], [7, 8]] - 5.585
ipcs: 1.4700000000000002 1.4825 1.2075 1.455
4:  [[0, 2], [2, 4], [4, 6], [6, 8]] - 5.615
ipcs: 1.4525 1.4825000000000002 1.2149999999999999 1.4725000000000001
5:  [[0, 2], [2, 4], [4, 6], [6, 8]] - 5.6225000000000005
ipcs: 1.465 1.4849999999999999 1.225 1.475
6:  [[0, 2], [2, 4], [4, 6], [6, 8]] - 5.65
ipcs: 1.4525 1.485 1.2149999999999999 1.4775
7:  [[0, 2], [2, 4], [4, 6], [6, 8]] - 5.63
step: 014   [0, 2] , [2, 4] , [4, 6] , [6, 8]  -  5.7325
=============================================
step = 15
ipcs: 1.4825 1.4949999999999999 1.2125 1.4875
0:  [[0, 2], [2, 4], [4, 6], [6, 8]] - 5.677499999999999
ipcs: 1.3624999999999998 1.6 1.2225000000000001 1.4875
1:  [[1, 2], [0, 4], [4, 6], [6, 8]] - 5.6725
ipcs: 1.4874999999999998 1.49 1.22 1.475
2:  [[0, 2], [2, 4], [4, 6], [6, 8]] - 5.672499999999999
ipcs: 1.5525000000000002 1.6075 1.1275000000000002 1.4175
3:  [[0, 3], [3, 7], [4, 5], [7, 8]] - 5.705
ipcs: 1.4849999999999999 1.4949999999999999 1.1824999999999999 1.495
4:  [[0, 2], [2, 4], [4, 6], [6, 8]] - 5.6575
ipcs: 1.425 1.5100000000000002 1.24 1.4875
5:  [[0, 2], [2, 4], [4, 6], [6, 8]] - 5.6625000000000005
ipcs: 1.48 1.5074999999999998 1.26 1.49
6:  [[0, 2], [2, 4], [4, 6], [6, 8]] - 5.7375
ipcs: 1.45 1.49 1.2575 1.48
7:  [[0, 2], [2, 4], [4, 6], [6, 8]] - 5.6775
step: 015   [0, 2] , [2, 4] , [4, 6] , [6, 8]  -  5.7375
=============================================
step = 16
ipcs: 1.4725000000000001 1.4925000000000002 1.2449999999999999 1.465
0:  [[0, 2], [2, 4], [4, 6], [6, 8]] - 5.675
ipcs: 1.355 1.585 1.225 1.4625
1:  [[1, 2], [0, 4], [4, 6], [6, 8]] - 5.6274999999999995
ipcs: 1.4575 1.48 1.2225 1.4625
2:  [[0, 2], [2, 4], [4, 6], [6, 8]] - 5.6225000000000005
ipcs: 1.5099999999999998 1.5825000000000002 1.12 1.39
3:  [[0, 3], [3, 7], [4, 5], [7, 8]] - 5.6025
ipcs: 1.4625 1.4825 1.2200000000000002 1.45
4:  [[0, 2], [2, 4], [4, 6], [6, 8]] - 5.615
ipcs: 1.435 1.4825 1.2375 1.4675
5:  [[0, 2], [2, 4], [4, 6], [6, 8]] - 5.6225000000000005
ipcs: 1.4049999999999998 1.3949999999999998 1.2374999999999998 1.4625
6:  [[0, 2], [2, 4], [4, 6], [6, 8]] - 5.5
ipcs: 1.38 1.3949999999999998 1.2325 1.3824999999999998
7:  [[0, 2], [2, 4], [4, 6], [6, 8]] - 5.389999999999999
step: 016   [0, 2] , [2, 4] , [4, 6] , [6, 8]  -  5.7375
=============================================
step = 17
ipcs: 1.4775 1.4649999999999999 1.2425 1.4525
0:  [[0, 2], [2, 4], [4, 6], [6, 8]] - 5.637499999999999
ipcs: 1.3425000000000002 1.5725 1.245 1.4625000000000001
1:  [[1, 2], [0, 4], [4, 6], [6, 8]] - 5.6225000000000005
ipcs: 1.46 1.4725 1.2325 1.4649999999999999
2:  [[0, 2], [2, 4], [4, 6], [6, 8]] - 5.63
ipcs: 1.5125000000000002 1.5775000000000001 1.1375000000000002 1.39
3:  [[0, 3], [3, 7], [4, 5], [7, 8]] - 5.617500000000001
ipcs: 1.4525000000000001 1.48 1.23 1.47
4:  [[0, 2], [2, 4], [4, 6], [6, 8]] - 5.632499999999999
ipcs: 1.4299999999999997 1.4825000000000002 1.2325 1.4675
5:  [[0, 2], [2, 4], [4, 6], [6, 8]] - 5.6125
ipcs: 1.475 1.47 1.2550000000000001 1.4525
6:  [[0, 2], [2, 4], [4, 6], [6, 8]] - 5.6525
ipcs: 1.3875000000000002 1.4725 1.25 1.455
7:  [[0, 2], [2, 4], [4, 6], [6, 8]] - 5.565
step: 017   [0, 2] , [2, 4] , [4, 6] , [6, 8]  -  5.7375
=============================================
step = 18
ipcs: 1.41 1.4674999999999998 1.17 1.46
0:  [[0, 2], [2, 4], [4, 6], [6, 8]] - 5.507499999999999
ipcs: 1.3475000000000001 1.5825 1.245 1.375
1:  [[1, 2], [0, 4], [4, 6], [6, 8]] - 5.550000000000001
ipcs: 1.47 1.4725 1.2475 1.385
2:  [[0, 2], [2, 4], [4, 6], [6, 8]] - 5.574999999999999
ipcs: 1.5074999999999998 1.5899999999999999 1.1325000000000003 1.395
3:  [[0, 3], [3, 7], [4, 5], [7, 8]] - 5.625
ipcs: 1.4525 1.4749999999999999 1.2149999999999999 1.4525
4:  [[0, 2], [2, 4], [4, 6], [6, 8]] - 5.595
ipcs: 1.375 1.4825 1.2025 1.46
5:  [[0, 2], [2, 4], [4, 6], [6, 8]] - 5.52
ipcs: 1.4725000000000001 1.4725 1.2275 1.4775
6:  [[0, 2], [2, 4], [4, 6], [6, 8]] - 5.65
ipcs: 1.455 1.4775 1.2275 1.465
7:  [[0, 2], [2, 4], [4, 6], [6, 8]] - 5.625
step: 018   [0, 2] , [2, 4] , [4, 6] , [6, 8]  -  5.7375
=============================================
step = 19
ipcs: 1.4049999999999998 1.4675 1.2175 1.465
0:  [[0, 2], [2, 4], [4, 6], [6, 8]] - 5.555
ipcs: 1.3050000000000002 1.5775000000000001 1.21 1.46
1:  [[1, 2], [0, 4], [4, 6], [6, 8]] - 5.5525
ipcs: 1.4649999999999999 1.48 1.225 1.395
2:  [[0, 2], [2, 4], [4, 6], [6, 8]] - 5.5649999999999995
ipcs: 1.5200000000000002 1.585 1.1075000000000002 1.39
3:  [[0, 3], [3, 7], [4, 5], [7, 8]] - 5.6025
ipcs: 1.415 1.4825 1.23 1.475
4:  [[0, 2], [2, 4], [4, 6], [6, 8]] - 5.602499999999999
ipcs: 1.4375 1.4725 1.1925 1.4625000000000001
5:  [[0, 2], [2, 4], [4, 6], [6, 8]] - 5.565
ipcs: 1.4675 1.48 1.22 1.4649999999999999
6:  [[0, 2], [2, 4], [4, 6], [6, 8]] - 5.632499999999999
ipcs: 1.45 1.4825 1.2174999999999998 1.4725
7:  [[0, 2], [2, 4], [4, 6], [6, 8]] - 5.6225000000000005
step: 019   [0, 2] , [2, 4] , [4, 6] , [6, 8]  -  5.7375
=============================================
step = 20
ipcs: 1.4675 1.4725 1.2275 1.46
0:  [[0, 2], [2, 4], [4, 6], [6, 8]] - 5.6275
ipcs: 1.3475000000000001 1.58 1.2125 1.4725
1:  [[1, 2], [0, 4], [4, 6], [6, 8]] - 5.612500000000001
ipcs: 1.4625 1.4749999999999999 1.2275 1.4549999999999998
2:  [[0, 2], [2, 4], [4, 6], [6, 8]] - 5.62
ipcs: 1.5225 1.5775 1.1175 1.3924999999999998
3:  [[0, 3], [3, 7], [4, 5], [7, 8]] - 5.609999999999999
ipcs: 1.4625 1.48 1.2125 1.4575
4:  [[0, 2], [2, 4], [4, 6], [6, 8]] - 5.612499999999999
ipcs: 1.4425 1.4725000000000001 1.225 1.46
5:  [[0, 2], [2, 4], [4, 6], [6, 8]] - 5.6000000000000005
ipcs: 1.4699999999999998 1.4749999999999999 1.2425000000000002 1.4625
6:  [[0, 2], [2, 4], [4, 6], [6, 8]] - 5.65
ipcs: 1.4449999999999998 1.4775 1.1575 1.46
7:  [[0, 2], [2, 4], [4, 6], [6, 8]] - 5.54
step: 020   [0, 2] , [2, 4] , [4, 6] , [6, 8]  -  5.7375
=============================================
step = 21
ipcs: 1.4625 1.4674999999999998 1.16 1.4524999999999997
0:  [[0, 2], [2, 4], [4, 6], [6, 8]] - 5.5424999999999995
ipcs: 1.3425 1.58 1.25 1.4725
1:  [[1, 2], [0, 4], [4, 6], [6, 8]] - 5.6450000000000005
ipcs: 1.46 1.4774999999999998 1.2275 1.4625000000000001
2:  [[0, 2], [2, 4], [4, 6], [6, 8]] - 5.6275
ipcs: 1.4475 1.5825 1.135 1.3924999999999998
3:  [[0, 3], [3, 7], [4, 5], [7, 8]] - 5.5575
ipcs: 1.4549999999999998 1.4649999999999999 1.225 1.4475
4:  [[0, 2], [2, 4], [4, 6], [6, 8]] - 5.592499999999999
ipcs: 1.3599999999999999 1.49 1.23 1.4525000000000001
5:  [[0, 2], [2, 4], [4, 6], [6, 8]] - 5.532500000000001
ipcs: 1.4725 1.48 1.15 1.4075000000000002
6:  [[0, 2], [2, 4], [4, 6], [6, 8]] - 5.51
ipcs: 1.43 1.3999999999999997 1.1275 1.46
7:  [[0, 2], [2, 4], [4, 6], [6, 8]] - 5.4174999999999995
step: 021   [0, 2] , [2, 4] , [4, 6] , [6, 8]  -  5.7375
=============================================
step = 22
ipcs: 1.4749999999999999 1.4875000000000003 1.2225 1.4774999999999998
0:  [[0, 2], [2, 4], [4, 6], [6, 8]] - 5.6625000000000005
ipcs: 1.3125 1.5775 1.225 1.475
1:  [[1, 2], [0, 4], [4, 6], [6, 8]] - 5.59
ipcs: 1.4549999999999998 1.48 1.22 1.4675
2:  [[0, 2], [2, 4], [4, 6], [6, 8]] - 5.6225
ipcs: 1.4949999999999999 1.585 1.1225 1.3925
3:  [[0, 3], [3, 7], [4, 5], [7, 8]] - 5.595000000000001
ipcs: 1.4575 1.4774999999999998 1.21 1.46
4:  [[0, 2], [2, 4], [4, 6], [6, 8]] - 5.6049999999999995
ipcs: 1.4425 1.48 1.2149999999999999 1.4725000000000001
5:  [[0, 2], [2, 4], [4, 6], [6, 8]] - 5.609999999999999
ipcs: 1.4625 1.415 1.2275 1.4774999999999998
6:  [[0, 2], [2, 4], [4, 6], [6, 8]] - 5.5825000000000005
ipcs: 1.4299999999999997 1.4049999999999998 1.2175 1.4749999999999999
7:  [[0, 2], [2, 4], [4, 6], [6, 8]] - 5.527499999999999
step: 022   [0, 2] , [2, 4] , [4, 6] , [6, 8]  -  5.7375
=============================================
step = 23
ipcs: 1.4575 1.4825 1.22 1.4749999999999999
0:  [[0, 2], [2, 4], [4, 6], [6, 8]] - 5.635
ipcs: 1.3425 1.5750000000000002 1.1325 1.46
1:  [[1, 2], [0, 4], [4, 6], [6, 8]] - 5.510000000000001
ipcs: 1.4625 1.4874999999999998 1.2275 1.4099999999999997
2:  [[0, 2], [2, 4], [4, 6], [6, 8]] - 5.5875
ipcs: 1.505 1.5775000000000001 1.1225 1.39
3:  [[0, 3], [3, 7], [4, 5], [7, 8]] - 5.595
ipcs: 1.46 1.4774999999999998 1.1400000000000001 1.4649999999999999
4:  [[0, 2], [2, 4], [4, 6], [6, 8]] - 5.5425
ipcs: 1.4474999999999998 1.4825000000000002 1.2125 1.4674999999999998
5:  [[0, 2], [2, 4], [4, 6], [6, 8]] - 5.609999999999999
ipcs: 1.4725000000000001 1.4725 1.21 1.4625
6:  [[0, 2], [2, 4], [4, 6], [6, 8]] - 5.6175
ipcs: 1.445 1.4775 1.2175 1.465
7:  [[0, 2], [2, 4], [4, 6], [6, 8]] - 5.605
step: 023   [0, 2] , [2, 4] , [4, 6] , [6, 8]  -  5.7375
=============================================
step = 24
ipcs: 1.45 1.48 1.225 1.4499999999999997
0:  [[0, 2], [2, 4], [4, 6], [6, 8]] - 5.604999999999999
ipcs: 1.345 1.57 1.1325 1.4649999999999999
1:  [[1, 2], [0, 4], [4, 6], [6, 8]] - 5.5125
ipcs: 1.46 1.4749999999999999 1.22 1.4575
2:  [[0, 2], [2, 4], [4, 6], [6, 8]] - 5.612499999999999
ipcs: 1.52 1.59 1.1175000000000002 1.3924999999999998
3:  [[0, 3], [3, 7], [4, 5], [7, 8]] - 5.620000000000001
ipcs: 1.4575 1.48 1.2175 1.4024999999999999
4:  [[0, 2], [2, 4], [4, 6], [6, 8]] - 5.5575
ipcs: 1.43 1.4925 1.2175 1.4725
5:  [[0, 2], [2, 4], [4, 6], [6, 8]] - 5.6125
ipcs: 1.4749999999999999 1.48 1.225 1.48
6:  [[0, 2], [2, 4], [4, 6], [6, 8]] - 5.66
ipcs: 1.4575 1.4775 1.2275 1.4649999999999999
7:  [[0, 2], [2, 4], [4, 6], [6, 8]] - 5.6274999999999995
step: 024   [0, 2] , [2, 4] , [4, 6] , [6, 8]  -  5.7375
=============================================
step = 25
ipcs: 1.475 1.4825 1.235 1.465
0:  [[0, 2], [2, 4], [4, 6], [6, 8]] - 5.6575
ipcs: 1.35 1.5750000000000002 1.2125 1.4649999999999999
1:  [[1, 2], [0, 4], [4, 6], [6, 8]] - 5.6025
ipcs: 1.4549999999999998 1.4825 1.2174999999999998 1.4625
2:  [[0, 2], [2, 4], [4, 6], [6, 8]] - 5.6175
ipcs: 1.52 1.5800000000000003 1.1175000000000002 1.3925
3:  [[0, 3], [3, 7], [4, 5], [7, 8]] - 5.610000000000001
ipcs: 1.4725 1.49 1.2275 1.48
4:  [[0, 2], [2, 4], [4, 6], [6, 8]] - 5.67
ipcs: 1.4425 1.485 1.21 1.4600000000000002
5:  [[0, 2], [2, 4], [4, 6], [6, 8]] - 5.5975
ipcs: 1.47 1.4749999999999999 1.2225000000000001 1.4725000000000001
6:  [[0, 2], [2, 4], [4, 6], [6, 8]] - 5.640000000000001
ipcs: 1.4525000000000001 1.485 1.2125 1.4825
7:  [[0, 2], [2, 4], [4, 6], [6, 8]] - 5.6325
step: 025   [0, 2] , [2, 4] , [4, 6] , [6, 8]  -  5.7375
=============================================
step = 26
ipcs: 1.4949999999999999 1.4425 1.15 1.485
0:  [[0, 2], [2, 4], [4, 6], [6, 8]] - 5.572500000000001
ipcs: 1.385 1.5925 1.2125 1.5050000000000001
1:  [[1, 2], [0, 4], [4, 6], [6, 8]] - 5.694999999999999
ipcs: 1.4325 1.505 1.1300000000000001 1.5
2:  [[0, 2], [2, 4], [4, 6], [6, 8]] - 5.5675
ipcs: 1.5050000000000001 1.5925000000000002 1.1075 1.42
3:  [[0, 3], [3, 7], [4, 5], [7, 8]] - 5.625
ipcs: 1.5125000000000002 1.5025 1.2175 1.5
4:  [[0, 2], [2, 4], [4, 6], [6, 8]] - 5.7325
ipcs: 1.4575 1.5200000000000002 1.2225000000000001 1.4825
5:  [[0, 2], [2, 4], [4, 6], [6, 8]] - 5.6825
ipcs: 1.4875 1.4525 1.23 1.4875
6:  [[0, 2], [2, 4], [4, 6], [6, 8]] - 5.6575
ipcs: 1.4775 1.5100000000000002 1.2225000000000001 1.4875
7:  [[0, 2], [2, 4], [4, 6], [6, 8]] - 5.697500000000001
step: 026   [0, 2] , [2, 4] , [4, 6] , [6, 8]  -  5.7375
=============================================
step = 27
ipcs: 1.48 1.4975 1.2225 1.48
0:  [[0, 2], [2, 4], [4, 6], [6, 8]] - 5.68
ipcs: 1.355 1.5825 1.2125 1.4024999999999999
1:  [[1, 2], [0, 4], [4, 6], [6, 8]] - 5.5525
ipcs: 1.4775 1.4875 1.2175 1.4775
2:  [[0, 2], [2, 4], [4, 6], [6, 8]] - 5.66
ipcs: 1.5125 1.5775000000000001 1.0775000000000001 1.385
3:  [[0, 3], [3, 7], [4, 5], [7, 8]] - 5.5525
ipcs: 1.48 1.4774999999999998 1.2225 1.4725000000000001
4:  [[0, 2], [2, 4], [4, 6], [6, 8]] - 5.6525
ipcs: 1.4375 1.4049999999999998 1.2075 1.4525000000000001
5:  [[0, 2], [2, 4], [4, 6], [6, 8]] - 5.5024999999999995
ipcs: 1.4674999999999998 1.415 1.2125 1.4699999999999998
6:  [[0, 2], [2, 4], [4, 6], [6, 8]] - 5.5649999999999995
ipcs: 1.46 1.4024999999999999 1.2075 1.48
7:  [[0, 2], [2, 4], [4, 6], [6, 8]] - 5.550000000000001
step: 027   [0, 2] , [2, 4] , [4, 6] , [6, 8]  -  5.7375
=============================================
step = 28
ipcs: 1.4649999999999999 1.4875 1.2075 1.4825
0:  [[0, 2], [2, 4], [4, 6], [6, 8]] - 5.6425
ipcs: 1.33 1.5750000000000002 1.21 1.4649999999999999
1:  [[1, 2], [0, 4], [4, 6], [6, 8]] - 5.58
ipcs: 1.3975 1.4774999999999998 1.22 1.4675
2:  [[0, 2], [2, 4], [4, 6], [6, 8]] - 5.5625
ipcs: 1.52 1.5750000000000002 1.1125 1.3875000000000002
3:  [[0, 3], [3, 7], [4, 5], [7, 8]] - 5.595000000000001
ipcs: 1.45 1.4649999999999999 1.2049999999999998 1.455
4:  [[0, 2], [2, 4], [4, 6], [6, 8]] - 5.575
ipcs: 1.4175 1.4774999999999998 1.2325 1.4675
5:  [[0, 2], [2, 4], [4, 6], [6, 8]] - 5.595
ipcs: 1.46 1.3975 1.225 1.4725000000000001
6:  [[0, 2], [2, 4], [4, 6], [6, 8]] - 5.555
ipcs: 1.3875 1.4574999999999998 1.21 1.4149999999999998
7:  [[0, 2], [2, 4], [4, 6], [6, 8]] - 5.47
step: 028   [0, 2] , [2, 4] , [4, 6] , [6, 8]  -  5.7375
=============================================
step = 29
ipcs: 1.465 1.41 1.2125 1.4474999999999998
0:  [[0, 2], [2, 4], [4, 6], [6, 8]] - 5.535
ipcs: 1.3250000000000002 1.575 1.2225000000000001 1.4625
1:  [[1, 2], [0, 4], [4, 6], [6, 8]] - 5.585000000000001
ipcs: 1.465 1.495 1.2175 1.4725000000000001
2:  [[0, 2], [2, 4], [4, 6], [6, 8]] - 5.65
ipcs: 1.5025 1.58 1.1175000000000002 1.3924999999999998
3:  [[0, 3], [3, 7], [4, 5], [7, 8]] - 5.5925
ipcs: 1.4649999999999999 1.3975 1.1275000000000002 1.4649999999999999
4:  [[0, 2], [2, 4], [4, 6], [6, 8]] - 5.455
ipcs: 1.4274999999999998 1.4875000000000003 1.22 1.3925
5:  [[0, 2], [2, 4], [4, 6], [6, 8]] - 5.5275
ipcs: 1.465 1.4775 1.2249999999999999 1.3900000000000001
6:  [[0, 2], [2, 4], [4, 6], [6, 8]] - 5.557499999999999
ipcs: 1.46 1.4849999999999999 1.2149999999999999 1.4725
7:  [[0, 2], [2, 4], [4, 6], [6, 8]] - 5.6325
step: 029   [0, 2] , [2, 4] , [4, 6] , [6, 8]  -  5.7375
=============================================
